2022/11/24 08:52:59 [emerg] 1#1: unexpected end of file, expecting "}" in /etc/nginx/conf.d/web.conf:23
2022/11/24 08:54:31 [emerg] 1#1: unexpected end of file, expecting "}" in /etc/nginx/conf.d/web.conf:23
2022/11/24 08:54:45 [emerg] 1#1: unexpected end of file, expecting "}" in /etc/nginx/conf.d/web.conf:23
2022/11/24 08:58:47 [emerg] 1#1: unexpected end of file, expecting "}" in /etc/nginx/conf.d/web.conf:23
2022/11/24 08:59:35 [emerg] 1#1: unexpected end of file, expecting "}" in /etc/nginx/conf.d/web.conf:23
2022/11/24 09:00:44 [notice] 1#1: using the "epoll" event method
2022/11/24 09:00:44 [notice] 1#1: nginx/1.23.2
2022/11/24 09:00:44 [notice] 1#1: built by gcc 10.2.1 20210110 (Debian 10.2.1-6) 
2022/11/24 09:00:44 [notice] 1#1: OS: Linux 5.10.16.3-microsoft-standard-WSL2
2022/11/24 09:00:44 [notice] 1#1: getrlimit(RLIMIT_NOFILE): 1048576:1048576
2022/11/24 09:00:44 [notice] 1#1: start worker processes
2022/11/24 09:00:44 [notice] 1#1: start worker process 20
2022/11/24 09:00:44 [notice] 1#1: start worker process 21
2022/11/24 09:00:44 [notice] 1#1: start worker process 22
2022/11/24 09:00:44 [notice] 1#1: start worker process 23
2022/11/24 09:00:44 [notice] 1#1: start worker process 24
2022/11/24 09:00:44 [notice] 1#1: start worker process 25
2022/11/24 09:00:44 [notice] 1#1: start worker process 26
2022/11/24 09:00:44 [notice] 1#1: start worker process 27
2022/11/24 09:00:44 [notice] 1#1: start worker process 28
2022/11/24 09:00:44 [notice] 1#1: start worker process 29
2022/11/24 09:00:44 [notice] 1#1: start worker process 30
2022/11/24 09:00:44 [notice] 1#1: start worker process 31
2022/11/24 09:03:24 [notice] 1#1: signal 3 (SIGQUIT) received, shutting down
2022/11/24 09:03:24 [notice] 20#20: gracefully shutting down
2022/11/24 09:03:24 [notice] 21#21: gracefully shutting down
2022/11/24 09:03:24 [notice] 22#22: gracefully shutting down
2022/11/24 09:03:24 [notice] 23#23: gracefully shutting down
2022/11/24 09:03:24 [notice] 24#24: gracefully shutting down
2022/11/24 09:03:24 [notice] 25#25: gracefully shutting down
2022/11/24 09:03:24 [notice] 26#26: gracefully shutting down
2022/11/24 09:03:24 [notice] 27#27: gracefully shutting down
2022/11/24 09:03:24 [notice] 28#28: gracefully shutting down
2022/11/24 09:03:24 [notice] 29#29: gracefully shutting down
2022/11/24 09:03:24 [notice] 30#30: gracefully shutting down
2022/11/24 09:03:24 [notice] 31#31: gracefully shutting down
2022/11/24 09:03:24 [notice] 20#20: exiting
2022/11/24 09:03:24 [notice] 21#21: exiting
2022/11/24 09:03:24 [notice] 22#22: exiting
2022/11/24 09:03:24 [notice] 23#23: exiting
2022/11/24 09:03:24 [notice] 24#24: exiting
2022/11/24 09:03:24 [notice] 25#25: exiting
2022/11/24 09:03:24 [notice] 26#26: exiting
2022/11/24 09:03:24 [notice] 27#27: exiting
2022/11/24 09:03:24 [notice] 28#28: exiting
2022/11/24 09:03:24 [notice] 29#29: exiting
2022/11/24 09:03:24 [notice] 30#30: exiting
2022/11/24 09:03:24 [notice] 31#31: exiting
2022/11/24 09:03:24 [notice] 20#20: exit
2022/11/24 09:03:24 [notice] 21#21: exit
2022/11/24 09:03:24 [notice] 22#22: exit
2022/11/24 09:03:24 [notice] 23#23: exit
2022/11/24 09:03:24 [notice] 24#24: exit
2022/11/24 09:03:24 [notice] 25#25: exit
2022/11/24 09:03:24 [notice] 26#26: exit
2022/11/24 09:03:24 [notice] 27#27: exit
2022/11/24 09:03:24 [notice] 28#28: exit
2022/11/24 09:03:24 [notice] 29#29: exit
2022/11/24 09:03:24 [notice] 30#30: exit
2022/11/24 09:03:24 [notice] 31#31: exit
2022/11/24 09:03:24 [notice] 1#1: signal 17 (SIGCHLD) received from 27
2022/11/24 09:03:24 [notice] 1#1: worker process 20 exited with code 0
2022/11/24 09:03:24 [notice] 1#1: worker process 22 exited with code 0
2022/11/24 09:03:24 [notice] 1#1: worker process 24 exited with code 0
2022/11/24 09:03:24 [notice] 1#1: worker process 27 exited with code 0
2022/11/24 09:03:24 [notice] 1#1: worker process 30 exited with code 0
2022/11/24 09:03:24 [notice] 1#1: signal 29 (SIGIO) received
2022/11/24 09:03:24 [notice] 1#1: signal 17 (SIGCHLD) received from 24
2022/11/24 09:03:24 [notice] 1#1: signal 17 (SIGCHLD) received from 31
2022/11/24 09:03:24 [notice] 1#1: worker process 31 exited with code 0
2022/11/24 09:03:24 [notice] 1#1: worker process 23 exited with code 0
2022/11/24 09:03:24 [notice] 1#1: signal 29 (SIGIO) received
2022/11/24 09:03:24 [notice] 1#1: signal 17 (SIGCHLD) received from 23
2022/11/24 09:03:24 [notice] 1#1: signal 17 (SIGCHLD) received from 29
2022/11/24 09:03:24 [notice] 1#1: worker process 21 exited with code 0
2022/11/24 09:03:24 [notice] 1#1: worker process 25 exited with code 0
2022/11/24 09:03:24 [notice] 1#1: worker process 26 exited with code 0
2022/11/24 09:03:24 [notice] 1#1: worker process 28 exited with code 0
2022/11/24 09:03:24 [notice] 1#1: worker process 29 exited with code 0
2022/11/24 09:03:24 [notice] 1#1: exit
2022/11/24 09:03:41 [notice] 1#1: using the "epoll" event method
2022/11/24 09:03:41 [notice] 1#1: nginx/1.23.2
2022/11/24 09:03:41 [notice] 1#1: built by gcc 10.2.1 20210110 (Debian 10.2.1-6) 
2022/11/24 09:03:41 [notice] 1#1: OS: Linux 5.10.16.3-microsoft-standard-WSL2
2022/11/24 09:03:41 [notice] 1#1: getrlimit(RLIMIT_NOFILE): 1048576:1048576
2022/11/24 09:03:41 [notice] 1#1: start worker processes
2022/11/24 09:03:41 [notice] 1#1: start worker process 20
2022/11/24 09:03:41 [notice] 1#1: start worker process 21
2022/11/24 09:03:41 [notice] 1#1: start worker process 22
2022/11/24 09:03:41 [notice] 1#1: start worker process 23
2022/11/24 09:03:41 [notice] 1#1: start worker process 24
2022/11/24 09:03:41 [notice] 1#1: start worker process 25
2022/11/24 09:03:41 [notice] 1#1: start worker process 26
2022/11/24 09:03:41 [notice] 1#1: start worker process 27
2022/11/24 09:03:41 [notice] 1#1: start worker process 28
2022/11/24 09:03:41 [notice] 1#1: start worker process 29
2022/11/24 09:03:41 [notice] 1#1: start worker process 30
2022/11/24 09:03:41 [notice] 1#1: start worker process 31
2022/11/24 09:05:54 [notice] 1#1: signal 3 (SIGQUIT) received, shutting down
2022/11/24 09:05:54 [notice] 20#20: gracefully shutting down
2022/11/24 09:05:54 [notice] 29#29: gracefully shutting down
2022/11/24 09:05:54 [notice] 21#21: gracefully shutting down
2022/11/24 09:05:54 [notice] 22#22: gracefully shutting down
2022/11/24 09:05:54 [notice] 23#23: gracefully shutting down
2022/11/24 09:05:54 [notice] 24#24: gracefully shutting down
2022/11/24 09:05:54 [notice] 25#25: gracefully shutting down
2022/11/24 09:05:54 [notice] 26#26: gracefully shutting down
2022/11/24 09:05:54 [notice] 27#27: gracefully shutting down
2022/11/24 09:05:54 [notice] 28#28: gracefully shutting down
2022/11/24 09:05:54 [notice] 28#28: exiting
2022/11/24 09:05:54 [notice] 30#30: gracefully shutting down
2022/11/24 09:05:54 [notice] 20#20: exiting
2022/11/24 09:05:54 [notice] 31#31: gracefully shutting down
2022/11/24 09:05:54 [notice] 29#29: exiting
2022/11/24 09:05:54 [notice] 21#21: exiting
2022/11/24 09:05:54 [notice] 22#22: exiting
2022/11/24 09:05:54 [notice] 23#23: exiting
2022/11/24 09:05:54 [notice] 24#24: exiting
2022/11/24 09:05:54 [notice] 25#25: exiting
2022/11/24 09:05:54 [notice] 26#26: exiting
2022/11/24 09:05:54 [notice] 27#27: exiting
2022/11/24 09:05:54 [notice] 28#28: exit
2022/11/24 09:05:54 [notice] 30#30: exiting
2022/11/24 09:05:54 [notice] 20#20: exit
2022/11/24 09:05:54 [notice] 31#31: exiting
2022/11/24 09:05:54 [notice] 29#29: exit
2022/11/24 09:05:54 [notice] 21#21: exit
2022/11/24 09:05:54 [notice] 22#22: exit
2022/11/24 09:05:54 [notice] 23#23: exit
2022/11/24 09:05:54 [notice] 24#24: exit
2022/11/24 09:05:54 [notice] 25#25: exit
2022/11/24 09:05:54 [notice] 26#26: exit
2022/11/24 09:05:54 [notice] 27#27: exit
2022/11/24 09:05:54 [notice] 30#30: exit
2022/11/24 09:05:54 [notice] 31#31: exit
2022/11/24 09:05:54 [notice] 1#1: signal 17 (SIGCHLD) received from 30
2022/11/24 09:05:54 [notice] 1#1: worker process 25 exited with code 0
2022/11/24 09:05:54 [notice] 1#1: worker process 30 exited with code 0
2022/11/24 09:05:54 [notice] 1#1: worker process 31 exited with code 0
2022/11/24 09:05:54 [notice] 1#1: signal 29 (SIGIO) received
2022/11/24 09:05:54 [notice] 1#1: signal 17 (SIGCHLD) received from 25
2022/11/24 09:05:54 [notice] 1#1: signal 17 (SIGCHLD) received from 27
2022/11/24 09:05:54 [notice] 1#1: worker process 21 exited with code 0
2022/11/24 09:05:54 [notice] 1#1: worker process 22 exited with code 0
2022/11/24 09:05:54 [notice] 1#1: worker process 23 exited with code 0
2022/11/24 09:05:54 [notice] 1#1: worker process 27 exited with code 0
2022/11/24 09:05:54 [notice] 1#1: worker process 29 exited with code 0
2022/11/24 09:05:54 [notice] 1#1: signal 29 (SIGIO) received
2022/11/24 09:05:54 [notice] 1#1: signal 17 (SIGCHLD) received from 22
2022/11/24 09:05:54 [notice] 1#1: signal 17 (SIGCHLD) received from 28
2022/11/24 09:05:54 [notice] 1#1: worker process 24 exited with code 0
2022/11/24 09:05:54 [notice] 1#1: worker process 26 exited with code 0
2022/11/24 09:05:54 [notice] 1#1: worker process 28 exited with code 0
2022/11/24 09:05:54 [notice] 1#1: signal 29 (SIGIO) received
2022/11/24 09:05:54 [notice] 1#1: signal 17 (SIGCHLD) received from 26
2022/11/24 09:05:54 [notice] 1#1: signal 17 (SIGCHLD) received from 20
2022/11/24 09:05:54 [notice] 1#1: worker process 20 exited with code 0
2022/11/24 09:05:54 [notice] 1#1: exit
2022/11/24 09:06:30 [notice] 1#1: using the "epoll" event method
2022/11/24 09:06:30 [notice] 1#1: nginx/1.23.2
2022/11/24 09:06:30 [notice] 1#1: built by gcc 10.2.1 20210110 (Debian 10.2.1-6) 
2022/11/24 09:06:30 [notice] 1#1: OS: Linux 5.10.16.3-microsoft-standard-WSL2
2022/11/24 09:06:30 [notice] 1#1: getrlimit(RLIMIT_NOFILE): 1048576:1048576
2022/11/24 09:06:30 [notice] 1#1: start worker processes
2022/11/24 09:06:30 [notice] 1#1: start worker process 20
2022/11/24 09:06:30 [notice] 1#1: start worker process 21
2022/11/24 09:06:30 [notice] 1#1: start worker process 22
2022/11/24 09:06:30 [notice] 1#1: start worker process 23
2022/11/24 09:06:30 [notice] 1#1: start worker process 24
2022/11/24 09:06:30 [notice] 1#1: start worker process 25
2022/11/24 09:06:30 [notice] 1#1: start worker process 26
2022/11/24 09:06:30 [notice] 1#1: start worker process 27
2022/11/24 09:06:30 [notice] 1#1: start worker process 28
2022/11/24 09:06:30 [notice] 1#1: start worker process 29
2022/11/24 09:06:30 [notice] 1#1: start worker process 30
2022/11/24 09:06:30 [notice] 1#1: start worker process 31
2022/11/24 09:45:31 [notice] 1#1: signal 3 (SIGQUIT) received, shutting down
2022/11/24 09:45:31 [notice] 20#20: gracefully shutting down
2022/11/24 09:45:31 [notice] 21#21: gracefully shutting down
2022/11/24 09:45:31 [notice] 22#22: gracefully shutting down
2022/11/24 09:45:31 [notice] 29#29: gracefully shutting down
2022/11/24 09:45:31 [notice] 24#24: gracefully shutting down
2022/11/24 09:45:31 [notice] 23#23: gracefully shutting down
2022/11/24 09:45:31 [notice] 25#25: gracefully shutting down
2022/11/24 09:45:31 [notice] 26#26: gracefully shutting down
2022/11/24 09:45:31 [notice] 27#27: gracefully shutting down
2022/11/24 09:45:31 [notice] 28#28: gracefully shutting down
2022/11/24 09:45:31 [notice] 31#31: gracefully shutting down
2022/11/24 09:45:31 [notice] 30#30: gracefully shutting down
2022/11/24 09:45:31 [notice] 20#20: exiting
2022/11/24 09:45:31 [notice] 21#21: exiting
2022/11/24 09:45:31 [notice] 22#22: exiting
2022/11/24 09:45:31 [notice] 29#29: exiting
2022/11/24 09:45:31 [notice] 20#20: exit
2022/11/24 09:45:31 [notice] 24#24: exiting
2022/11/24 09:45:31 [notice] 23#23: exiting
2022/11/24 09:45:31 [notice] 25#25: exiting
2022/11/24 09:45:31 [notice] 26#26: exiting
2022/11/24 09:45:31 [notice] 27#27: exiting
2022/11/24 09:45:31 [notice] 28#28: exiting
2022/11/24 09:45:31 [notice] 31#31: exiting
2022/11/24 09:45:31 [notice] 30#30: exiting
2022/11/24 09:45:31 [notice] 21#21: exit
2022/11/24 09:45:31 [notice] 22#22: exit
2022/11/24 09:45:31 [notice] 29#29: exit
2022/11/24 09:45:31 [notice] 24#24: exit
2022/11/24 09:45:31 [notice] 23#23: exit
2022/11/24 09:45:31 [notice] 25#25: exit
2022/11/24 09:45:31 [notice] 26#26: exit
2022/11/24 09:45:31 [notice] 27#27: exit
2022/11/24 09:45:31 [notice] 28#28: exit
2022/11/24 09:45:31 [notice] 31#31: exit
2022/11/24 09:45:31 [notice] 30#30: exit
2022/11/24 09:45:31 [notice] 1#1: signal 17 (SIGCHLD) received from 29
2022/11/24 09:45:31 [notice] 1#1: worker process 21 exited with code 0
2022/11/24 09:45:31 [notice] 1#1: worker process 29 exited with code 0
2022/11/24 09:45:31 [notice] 1#1: signal 29 (SIGIO) received
2022/11/24 09:45:31 [notice] 1#1: signal 17 (SIGCHLD) received from 21
2022/11/24 09:45:31 [notice] 1#1: signal 17 (SIGCHLD) received from 30
2022/11/24 09:45:31 [notice] 1#1: worker process 22 exited with code 0
2022/11/24 09:45:31 [notice] 1#1: worker process 23 exited with code 0
2022/11/24 09:45:31 [notice] 1#1: worker process 24 exited with code 0
2022/11/24 09:45:31 [notice] 1#1: worker process 27 exited with code 0
2022/11/24 09:45:31 [notice] 1#1: worker process 30 exited with code 0
2022/11/24 09:45:31 [notice] 1#1: signal 29 (SIGIO) received
2022/11/24 09:45:31 [notice] 1#1: signal 17 (SIGCHLD) received from 24
2022/11/24 09:45:31 [notice] 1#1: signal 17 (SIGCHLD) received from 31
2022/11/24 09:45:31 [notice] 1#1: worker process 20 exited with code 0
2022/11/24 09:45:31 [notice] 1#1: worker process 25 exited with code 0
2022/11/24 09:45:31 [notice] 1#1: worker process 26 exited with code 0
2022/11/24 09:45:31 [notice] 1#1: worker process 31 exited with code 0
2022/11/24 09:45:31 [notice] 1#1: signal 29 (SIGIO) received
2022/11/24 09:45:31 [notice] 1#1: signal 17 (SIGCHLD) received from 20
2022/11/24 09:45:31 [notice] 1#1: signal 17 (SIGCHLD) received from 28
2022/11/24 09:45:31 [notice] 1#1: worker process 28 exited with code 0
2022/11/24 09:45:31 [notice] 1#1: exit
2022/11/24 10:15:25 [notice] 1#1: using the "epoll" event method
2022/11/24 10:15:25 [notice] 1#1: nginx/1.23.2
2022/11/24 10:15:25 [notice] 1#1: built by gcc 10.2.1 20210110 (Debian 10.2.1-6) 
2022/11/24 10:15:25 [notice] 1#1: OS: Linux 5.10.16.3-microsoft-standard-WSL2
2022/11/24 10:15:25 [notice] 1#1: getrlimit(RLIMIT_NOFILE): 1048576:1048576
2022/11/24 10:15:25 [notice] 1#1: start worker processes
2022/11/24 10:15:25 [notice] 1#1: start worker process 20
2022/11/24 10:15:25 [notice] 1#1: start worker process 21
2022/11/24 10:15:25 [notice] 1#1: start worker process 22
2022/11/24 10:15:25 [notice] 1#1: start worker process 23
2022/11/24 10:15:25 [notice] 1#1: start worker process 24
2022/11/24 10:15:25 [notice] 1#1: start worker process 25
2022/11/24 10:15:25 [notice] 1#1: start worker process 26
2022/11/24 10:15:25 [notice] 1#1: start worker process 27
2022/11/24 10:15:25 [notice] 1#1: start worker process 28
2022/11/24 10:15:25 [notice] 1#1: start worker process 29
2022/11/24 10:15:25 [notice] 1#1: start worker process 30
2022/11/24 10:15:25 [notice] 1#1: start worker process 31
2022/11/24 10:51:19 [notice] 1#1: signal 3 (SIGQUIT) received, shutting down
2022/11/24 10:51:19 [notice] 20#20: gracefully shutting down
2022/11/24 10:51:19 [notice] 23#23: gracefully shutting down
2022/11/24 10:51:19 [notice] 21#21: gracefully shutting down
2022/11/24 10:51:19 [notice] 22#22: gracefully shutting down
2022/11/24 10:51:19 [notice] 25#25: gracefully shutting down
2022/11/24 10:51:19 [notice] 26#26: gracefully shutting down
2022/11/24 10:51:19 [notice] 24#24: gracefully shutting down
2022/11/24 10:51:19 [notice] 27#27: gracefully shutting down
2022/11/24 10:51:19 [notice] 28#28: gracefully shutting down
2022/11/24 10:51:19 [notice] 29#29: gracefully shutting down
2022/11/24 10:51:19 [notice] 30#30: gracefully shutting down
2022/11/24 10:51:19 [notice] 31#31: gracefully shutting down
2022/11/24 10:51:19 [notice] 20#20: exiting
2022/11/24 10:51:19 [notice] 23#23: exiting
2022/11/24 10:51:19 [notice] 21#21: exiting
2022/11/24 10:51:19 [notice] 22#22: exiting
2022/11/24 10:51:19 [notice] 25#25: exiting
2022/11/24 10:51:19 [notice] 31#31: exiting
2022/11/24 10:51:19 [notice] 26#26: exiting
2022/11/24 10:51:19 [notice] 27#27: exiting
2022/11/24 10:51:19 [notice] 24#24: exiting
2022/11/24 10:51:19 [notice] 27#27: exit
2022/11/24 10:51:19 [notice] 28#28: exiting
2022/11/24 10:51:19 [notice] 24#24: exit
2022/11/24 10:51:19 [notice] 29#29: exiting
2022/11/24 10:51:19 [notice] 30#30: exiting
2022/11/24 10:51:19 [notice] 20#20: exit
2022/11/24 10:51:19 [notice] 23#23: exit
2022/11/24 10:51:19 [notice] 22#22: exit
2022/11/24 10:51:19 [notice] 21#21: exit
2022/11/24 10:51:19 [notice] 25#25: exit
2022/11/24 10:51:19 [notice] 31#31: exit
2022/11/24 10:51:19 [notice] 26#26: exit
2022/11/24 10:51:19 [notice] 28#28: exit
2022/11/24 10:51:19 [notice] 29#29: exit
2022/11/24 10:51:19 [notice] 30#30: exit
2022/11/24 10:51:19 [notice] 1#1: signal 17 (SIGCHLD) received from 30
2022/11/24 10:51:19 [notice] 1#1: worker process 20 exited with code 0
2022/11/24 10:51:19 [notice] 1#1: worker process 22 exited with code 0
2022/11/24 10:51:19 [notice] 1#1: worker process 30 exited with code 0
2022/11/24 10:51:19 [notice] 1#1: signal 29 (SIGIO) received
2022/11/24 10:51:19 [notice] 1#1: signal 17 (SIGCHLD) received from 22
2022/11/24 10:51:19 [notice] 1#1: signal 17 (SIGCHLD) received from 27
2022/11/24 10:51:19 [notice] 1#1: worker process 27 exited with code 0
2022/11/24 10:51:19 [notice] 1#1: signal 29 (SIGIO) received
2022/11/24 10:51:19 [notice] 1#1: signal 17 (SIGCHLD) received from 31
2022/11/24 10:51:19 [notice] 1#1: worker process 23 exited with code 0
2022/11/24 10:51:19 [notice] 1#1: worker process 25 exited with code 0
2022/11/24 10:51:19 [notice] 1#1: worker process 31 exited with code 0
2022/11/24 10:51:19 [notice] 1#1: signal 29 (SIGIO) received
2022/11/24 10:51:19 [notice] 1#1: signal 17 (SIGCHLD) received from 25
2022/11/24 10:51:19 [notice] 1#1: signal 17 (SIGCHLD) received from 24
2022/11/24 10:51:19 [notice] 1#1: worker process 24 exited with code 0
2022/11/24 10:51:19 [notice] 1#1: worker process 29 exited with code 0
2022/11/24 10:51:19 [notice] 1#1: signal 29 (SIGIO) received
2022/11/24 10:51:19 [notice] 1#1: signal 17 (SIGCHLD) received from 29
2022/11/24 10:51:19 [notice] 1#1: signal 17 (SIGCHLD) received from 26
2022/11/24 10:51:19 [notice] 1#1: worker process 26 exited with code 0
2022/11/24 10:51:19 [notice] 1#1: signal 29 (SIGIO) received
2022/11/24 10:51:19 [notice] 1#1: signal 17 (SIGCHLD) received from 28
2022/11/24 10:51:19 [notice] 1#1: worker process 28 exited with code 0
2022/11/24 10:51:19 [notice] 1#1: worker process 21 exited with code 0
2022/11/24 10:51:19 [notice] 1#1: exit
2022/11/24 10:52:20 [notice] 1#1: using the "epoll" event method
2022/11/24 10:52:20 [notice] 1#1: nginx/1.23.2
2022/11/24 10:52:20 [notice] 1#1: built by gcc 10.2.1 20210110 (Debian 10.2.1-6) 
2022/11/24 10:52:20 [notice] 1#1: OS: Linux 5.10.16.3-microsoft-standard-WSL2
2022/11/24 10:52:20 [notice] 1#1: getrlimit(RLIMIT_NOFILE): 1048576:1048576
2022/11/24 10:52:20 [notice] 1#1: start worker processes
2022/11/24 10:52:20 [notice] 1#1: start worker process 20
2022/11/24 10:52:20 [notice] 1#1: start worker process 21
2022/11/24 10:52:20 [notice] 1#1: start worker process 22
2022/11/24 10:52:20 [notice] 1#1: start worker process 23
2022/11/24 10:52:20 [notice] 1#1: start worker process 24
2022/11/24 10:52:20 [notice] 1#1: start worker process 25
2022/11/24 10:52:20 [notice] 1#1: start worker process 26
2022/11/24 10:52:20 [notice] 1#1: start worker process 27
2022/11/24 10:52:20 [notice] 1#1: start worker process 28
2022/11/24 10:52:20 [notice] 1#1: start worker process 29
2022/11/24 10:52:20 [notice] 1#1: start worker process 30
2022/11/24 10:52:20 [notice] 1#1: start worker process 31
2022/11/24 11:13:47 [notice] 1#1: signal 3 (SIGQUIT) received, shutting down
2022/11/24 11:13:47 [notice] 20#20: gracefully shutting down
2022/11/24 11:13:47 [notice] 28#28: gracefully shutting down
2022/11/24 11:13:47 [notice] 21#21: gracefully shutting down
2022/11/24 11:13:47 [notice] 22#22: gracefully shutting down
2022/11/24 11:13:47 [notice] 23#23: gracefully shutting down
2022/11/24 11:13:47 [notice] 24#24: gracefully shutting down
2022/11/24 11:13:47 [notice] 25#25: gracefully shutting down
2022/11/24 11:13:47 [notice] 26#26: gracefully shutting down
2022/11/24 11:13:47 [notice] 27#27: gracefully shutting down
2022/11/24 11:13:47 [notice] 29#29: gracefully shutting down
2022/11/24 11:13:47 [notice] 20#20: exiting
2022/11/24 11:13:47 [notice] 30#30: gracefully shutting down
2022/11/24 11:13:47 [notice] 31#31: gracefully shutting down
2022/11/24 11:13:47 [notice] 28#28: exiting
2022/11/24 11:13:47 [notice] 21#21: exiting
2022/11/24 11:13:47 [notice] 22#22: exiting
2022/11/24 11:13:47 [notice] 23#23: exiting
2022/11/24 11:13:47 [notice] 24#24: exiting
2022/11/24 11:13:47 [notice] 25#25: exiting
2022/11/24 11:13:47 [notice] 26#26: exiting
2022/11/24 11:13:47 [notice] 27#27: exiting
2022/11/24 11:13:47 [notice] 29#29: exiting
2022/11/24 11:13:47 [notice] 20#20: exit
2022/11/24 11:13:47 [notice] 30#30: exiting
2022/11/24 11:13:47 [notice] 31#31: exiting
2022/11/24 11:13:47 [notice] 28#28: exit
2022/11/24 11:13:47 [notice] 21#21: exit
2022/11/24 11:13:47 [notice] 22#22: exit
2022/11/24 11:13:47 [notice] 23#23: exit
2022/11/24 11:13:47 [notice] 24#24: exit
2022/11/24 11:13:47 [notice] 25#25: exit
2022/11/24 11:13:47 [notice] 26#26: exit
2022/11/24 11:13:47 [notice] 27#27: exit
2022/11/24 11:13:47 [notice] 29#29: exit
2022/11/24 11:13:47 [notice] 30#30: exit
2022/11/24 11:13:47 [notice] 31#31: exit
2022/11/24 11:13:47 [notice] 1#1: signal 17 (SIGCHLD) received from 25
2022/11/24 11:13:47 [notice] 1#1: worker process 22 exited with code 0
2022/11/24 11:13:47 [notice] 1#1: worker process 23 exited with code 0
2022/11/24 11:13:47 [notice] 1#1: worker process 25 exited with code 0
2022/11/24 11:13:47 [notice] 1#1: worker process 27 exited with code 0
2022/11/24 11:13:47 [notice] 1#1: worker process 29 exited with code 0
2022/11/24 11:13:47 [notice] 1#1: worker process 31 exited with code 0
2022/11/24 11:13:47 [notice] 1#1: signal 29 (SIGIO) received
2022/11/24 11:13:47 [notice] 1#1: signal 17 (SIGCHLD) received from 23
2022/11/24 11:13:47 [notice] 1#1: signal 17 (SIGCHLD) received from 30
2022/11/24 11:13:47 [notice] 1#1: worker process 30 exited with code 0
2022/11/24 11:13:47 [notice] 1#1: signal 29 (SIGIO) received
2022/11/24 11:13:47 [notice] 1#1: signal 17 (SIGCHLD) received from 28
2022/11/24 11:13:47 [notice] 1#1: worker process 28 exited with code 0
2022/11/24 11:13:47 [notice] 1#1: signal 29 (SIGIO) received
2022/11/24 11:13:47 [notice] 1#1: signal 17 (SIGCHLD) received from 21
2022/11/24 11:13:47 [notice] 1#1: worker process 21 exited with code 0
2022/11/24 11:13:47 [notice] 1#1: worker process 24 exited with code 0
2022/11/24 11:13:47 [notice] 1#1: signal 29 (SIGIO) received
2022/11/24 11:13:47 [notice] 1#1: signal 17 (SIGCHLD) received from 24
2022/11/24 11:13:47 [notice] 1#1: signal 17 (SIGCHLD) received from 26
2022/11/24 11:13:47 [notice] 1#1: worker process 20 exited with code 0
2022/11/24 11:13:47 [notice] 1#1: worker process 26 exited with code 0
2022/11/24 11:13:47 [notice] 1#1: exit
2022/11/24 11:14:00 [notice] 1#1: using the "epoll" event method
2022/11/24 11:14:00 [notice] 1#1: nginx/1.23.2
2022/11/24 11:14:00 [notice] 1#1: built by gcc 10.2.1 20210110 (Debian 10.2.1-6) 
2022/11/24 11:14:00 [notice] 1#1: OS: Linux 5.10.16.3-microsoft-standard-WSL2
2022/11/24 11:14:00 [notice] 1#1: getrlimit(RLIMIT_NOFILE): 1048576:1048576
2022/11/24 11:14:00 [notice] 1#1: start worker processes
2022/11/24 11:14:00 [notice] 1#1: start worker process 20
2022/11/24 11:14:00 [notice] 1#1: start worker process 21
2022/11/24 11:14:00 [notice] 1#1: start worker process 22
2022/11/24 11:14:00 [notice] 1#1: start worker process 23
2022/11/24 11:14:00 [notice] 1#1: start worker process 24
2022/11/24 11:14:00 [notice] 1#1: start worker process 25
2022/11/24 11:14:00 [notice] 1#1: start worker process 26
2022/11/24 11:14:00 [notice] 1#1: start worker process 27
2022/11/24 11:14:00 [notice] 1#1: start worker process 28
2022/11/24 11:14:00 [notice] 1#1: start worker process 29
2022/11/24 11:14:00 [notice] 1#1: start worker process 30
2022/11/24 11:14:00 [notice] 1#1: start worker process 31
2022/11/24 11:14:10 [notice] 1#1: signal 3 (SIGQUIT) received, shutting down
2022/11/24 11:14:10 [notice] 20#20: gracefully shutting down
2022/11/24 11:14:10 [notice] 30#30: gracefully shutting down
2022/11/24 11:14:10 [notice] 21#21: gracefully shutting down
2022/11/24 11:14:10 [notice] 23#23: gracefully shutting down
2022/11/24 11:14:10 [notice] 22#22: gracefully shutting down
2022/11/24 11:14:10 [notice] 24#24: gracefully shutting down
2022/11/24 11:14:10 [notice] 25#25: gracefully shutting down
2022/11/24 11:14:10 [notice] 26#26: gracefully shutting down
2022/11/24 11:14:10 [notice] 27#27: gracefully shutting down
2022/11/24 11:14:10 [notice] 28#28: gracefully shutting down
2022/11/24 11:14:10 [notice] 29#29: gracefully shutting down
2022/11/24 11:14:10 [notice] 31#31: gracefully shutting down
2022/11/24 11:14:10 [notice] 20#20: exiting
2022/11/24 11:14:10 [notice] 30#30: exiting
2022/11/24 11:14:10 [notice] 21#21: exiting
2022/11/24 11:14:10 [notice] 23#23: exiting
2022/11/24 11:14:10 [notice] 22#22: exiting
2022/11/24 11:14:10 [notice] 24#24: exiting
2022/11/24 11:14:10 [notice] 25#25: exiting
2022/11/24 11:14:10 [notice] 26#26: exiting
2022/11/24 11:14:10 [notice] 27#27: exiting
2022/11/24 11:14:10 [notice] 28#28: exiting
2022/11/24 11:14:10 [notice] 29#29: exiting
2022/11/24 11:14:10 [notice] 31#31: exiting
2022/11/24 11:14:10 [notice] 20#20: exit
2022/11/24 11:14:10 [notice] 30#30: exit
2022/11/24 11:14:10 [notice] 21#21: exit
2022/11/24 11:14:10 [notice] 23#23: exit
2022/11/24 11:14:10 [notice] 22#22: exit
2022/11/24 11:14:10 [notice] 24#24: exit
2022/11/24 11:14:10 [notice] 25#25: exit
2022/11/24 11:14:10 [notice] 26#26: exit
2022/11/24 11:14:10 [notice] 27#27: exit
2022/11/24 11:14:10 [notice] 28#28: exit
2022/11/24 11:14:10 [notice] 29#29: exit
2022/11/24 11:14:10 [notice] 31#31: exit
2022/11/24 11:14:10 [notice] 1#1: signal 17 (SIGCHLD) received from 22
2022/11/24 11:14:10 [notice] 1#1: worker process 22 exited with code 0
2022/11/24 11:14:10 [notice] 1#1: worker process 26 exited with code 0
2022/11/24 11:14:10 [notice] 1#1: worker process 30 exited with code 0
2022/11/24 11:14:10 [notice] 1#1: signal 29 (SIGIO) received
2022/11/24 11:14:10 [notice] 1#1: signal 17 (SIGCHLD) received from 30
2022/11/24 11:14:10 [notice] 1#1: signal 17 (SIGCHLD) received from 28
2022/11/24 11:14:10 [notice] 1#1: worker process 21 exited with code 0
2022/11/24 11:14:10 [notice] 1#1: worker process 24 exited with code 0
2022/11/24 11:14:10 [notice] 1#1: worker process 28 exited with code 0
2022/11/24 11:14:10 [notice] 1#1: worker process 29 exited with code 0
2022/11/24 11:14:10 [notice] 1#1: signal 29 (SIGIO) received
2022/11/24 11:14:10 [notice] 1#1: signal 17 (SIGCHLD) received from 21
2022/11/24 11:14:10 [notice] 1#1: signal 17 (SIGCHLD) received from 20
2022/11/24 11:14:10 [notice] 1#1: worker process 20 exited with code 0
2022/11/24 11:14:10 [notice] 1#1: signal 29 (SIGIO) received
2022/11/24 11:14:10 [notice] 1#1: signal 17 (SIGCHLD) received from 23
2022/11/24 11:14:10 [notice] 1#1: worker process 23 exited with code 0
2022/11/24 11:14:10 [notice] 1#1: signal 29 (SIGIO) received
2022/11/24 11:14:10 [notice] 1#1: signal 17 (SIGCHLD) received from 27
2022/11/24 11:14:10 [notice] 1#1: worker process 27 exited with code 0
2022/11/24 11:14:10 [notice] 1#1: signal 29 (SIGIO) received
2022/11/24 11:14:10 [notice] 1#1: signal 17 (SIGCHLD) received from 31
2022/11/24 11:14:10 [notice] 1#1: worker process 25 exited with code 0
2022/11/24 11:14:10 [notice] 1#1: worker process 31 exited with code 0
2022/11/24 11:14:10 [notice] 1#1: exit
2022/11/26 07:34:30 [notice] 1#1: using the "epoll" event method
2022/11/26 07:34:30 [notice] 1#1: nginx/1.23.2
2022/11/26 07:34:30 [notice] 1#1: built by gcc 10.2.1 20210110 (Debian 10.2.1-6) 
2022/11/26 07:34:30 [notice] 1#1: OS: Linux 5.10.16.3-microsoft-standard-WSL2
2022/11/26 07:34:30 [notice] 1#1: getrlimit(RLIMIT_NOFILE): 1048576:1048576
2022/11/26 07:34:30 [notice] 1#1: start worker processes
2022/11/26 07:34:30 [notice] 1#1: start worker process 20
2022/11/26 07:34:30 [notice] 1#1: start worker process 21
2022/11/26 07:34:30 [notice] 1#1: start worker process 22
2022/11/26 07:34:30 [notice] 1#1: start worker process 23
2022/11/26 07:34:30 [notice] 1#1: start worker process 24
2022/11/26 07:34:30 [notice] 1#1: start worker process 25
2022/11/26 07:34:30 [notice] 1#1: start worker process 26
2022/11/26 07:34:30 [notice] 1#1: start worker process 27
2022/11/26 07:34:30 [notice] 1#1: start worker process 28
2022/11/26 07:34:30 [notice] 1#1: start worker process 29
2022/11/26 07:34:30 [notice] 1#1: start worker process 30
2022/11/26 07:34:30 [notice] 1#1: start worker process 31
2022/11/26 08:13:19 [notice] 1#1: signal 3 (SIGQUIT) received, shutting down
2022/11/26 08:13:19 [notice] 20#20: gracefully shutting down
2022/11/26 08:13:19 [notice] 31#31: gracefully shutting down
2022/11/26 08:13:19 [notice] 24#24: gracefully shutting down
2022/11/26 08:13:19 [notice] 21#21: gracefully shutting down
2022/11/26 08:13:19 [notice] 25#25: gracefully shutting down
2022/11/26 08:13:19 [notice] 23#23: gracefully shutting down
2022/11/26 08:13:19 [notice] 27#27: gracefully shutting down
2022/11/26 08:13:19 [notice] 22#22: gracefully shutting down
2022/11/26 08:13:19 [notice] 26#26: gracefully shutting down
2022/11/26 08:13:19 [notice] 28#28: gracefully shutting down
2022/11/26 08:13:19 [notice] 29#29: gracefully shutting down
2022/11/26 08:13:19 [notice] 30#30: gracefully shutting down
2022/11/26 08:13:19 [notice] 20#20: exiting
2022/11/26 08:13:19 [notice] 31#31: exiting
2022/11/26 08:13:19 [notice] 24#24: exiting
2022/11/26 08:13:19 [notice] 21#21: exiting
2022/11/26 08:13:19 [notice] 25#25: exiting
2022/11/26 08:13:19 [notice] 23#23: exiting
2022/11/26 08:13:19 [notice] 27#27: exiting
2022/11/26 08:13:19 [notice] 22#22: exiting
2022/11/26 08:13:19 [notice] 26#26: exiting
2022/11/26 08:13:19 [notice] 28#28: exiting
2022/11/26 08:13:19 [notice] 29#29: exiting
2022/11/26 08:13:19 [notice] 30#30: exiting
2022/11/26 08:13:19 [notice] 20#20: exit
2022/11/26 08:13:19 [notice] 31#31: exit
2022/11/26 08:13:19 [notice] 24#24: exit
2022/11/26 08:13:19 [notice] 21#21: exit
2022/11/26 08:13:19 [notice] 25#25: exit
2022/11/26 08:13:19 [notice] 23#23: exit
2022/11/26 08:13:19 [notice] 27#27: exit
2022/11/26 08:13:19 [notice] 22#22: exit
2022/11/26 08:13:19 [notice] 26#26: exit
2022/11/26 08:13:19 [notice] 28#28: exit
2022/11/26 08:13:19 [notice] 29#29: exit
2022/11/26 08:13:19 [notice] 30#30: exit
2022/11/26 08:13:19 [notice] 1#1: signal 17 (SIGCHLD) received from 27
2022/11/26 08:13:19 [notice] 1#1: worker process 27 exited with code 0
2022/11/26 08:13:19 [notice] 1#1: worker process 20 exited with code 0
2022/11/26 08:13:19 [notice] 1#1: signal 29 (SIGIO) received
2022/11/26 08:13:19 [notice] 1#1: signal 17 (SIGCHLD) received from 20
2022/11/26 08:13:19 [notice] 1#1: signal 17 (SIGCHLD) received from 23
2022/11/26 08:13:19 [notice] 1#1: worker process 21 exited with code 0
2022/11/26 08:13:19 [notice] 1#1: worker process 22 exited with code 0
2022/11/26 08:13:19 [notice] 1#1: worker process 23 exited with code 0
2022/11/26 08:13:19 [notice] 1#1: worker process 25 exited with code 0
2022/11/26 08:13:19 [notice] 1#1: worker process 28 exited with code 0
2022/11/26 08:13:19 [notice] 1#1: signal 29 (SIGIO) received
2022/11/26 08:13:19 [notice] 1#1: signal 17 (SIGCHLD) received from 25
2022/11/26 08:13:19 [notice] 1#1: signal 17 (SIGCHLD) received from 26
2022/11/26 08:13:19 [notice] 1#1: worker process 24 exited with code 0
2022/11/26 08:13:19 [notice] 1#1: worker process 26 exited with code 0
2022/11/26 08:13:19 [notice] 1#1: worker process 29 exited with code 0
2022/11/26 08:13:19 [notice] 1#1: worker process 31 exited with code 0
2022/11/26 08:13:19 [notice] 1#1: signal 29 (SIGIO) received
2022/11/26 08:13:19 [notice] 1#1: signal 17 (SIGCHLD) received from 24
2022/11/26 08:13:19 [notice] 1#1: signal 17 (SIGCHLD) received from 30
2022/11/26 08:13:19 [notice] 1#1: worker process 30 exited with code 0
2022/11/26 08:13:19 [notice] 1#1: exit
2022/11/26 09:55:58 [notice] 1#1: using the "epoll" event method
2022/11/26 09:55:58 [notice] 1#1: nginx/1.23.2
2022/11/26 09:55:58 [notice] 1#1: built by gcc 10.2.1 20210110 (Debian 10.2.1-6) 
2022/11/26 09:55:58 [notice] 1#1: OS: Linux 5.10.16.3-microsoft-standard-WSL2
2022/11/26 09:55:58 [notice] 1#1: getrlimit(RLIMIT_NOFILE): 1048576:1048576
2022/11/26 09:55:58 [notice] 1#1: start worker processes
2022/11/26 09:55:58 [notice] 1#1: start worker process 20
2022/11/26 09:55:58 [notice] 1#1: start worker process 21
2022/11/26 09:55:58 [notice] 1#1: start worker process 22
2022/11/26 09:55:58 [notice] 1#1: start worker process 23
2022/11/26 09:55:58 [notice] 1#1: start worker process 24
2022/11/26 09:55:58 [notice] 1#1: start worker process 25
2022/11/26 09:55:58 [notice] 1#1: start worker process 26
2022/11/26 09:55:58 [notice] 1#1: start worker process 27
2022/11/26 09:55:58 [notice] 1#1: start worker process 28
2022/11/26 09:55:58 [notice] 1#1: start worker process 29
2022/11/26 09:55:58 [notice] 1#1: start worker process 30
2022/11/26 09:55:58 [notice] 1#1: start worker process 31
2022/11/26 10:35:22 [notice] 1#1: signal 3 (SIGQUIT) received, shutting down
2022/11/26 10:35:22 [notice] 20#20: gracefully shutting down
2022/11/26 10:35:22 [notice] 21#21: gracefully shutting down
2022/11/26 10:35:22 [notice] 28#28: gracefully shutting down
2022/11/26 10:35:22 [notice] 22#22: gracefully shutting down
2022/11/26 10:35:22 [notice] 23#23: gracefully shutting down
2022/11/26 10:35:22 [notice] 24#24: gracefully shutting down
2022/11/26 10:35:22 [notice] 25#25: gracefully shutting down
2022/11/26 10:35:22 [notice] 26#26: gracefully shutting down
2022/11/26 10:35:22 [notice] 20#20: exiting
2022/11/26 10:35:22 [notice] 27#27: gracefully shutting down
2022/11/26 10:35:22 [notice] 21#21: exiting
2022/11/26 10:35:22 [notice] 30#30: gracefully shutting down
2022/11/26 10:35:22 [notice] 29#29: gracefully shutting down
2022/11/26 10:35:22 [notice] 31#31: gracefully shutting down
2022/11/26 10:35:22 [notice] 28#28: exiting
2022/11/26 10:35:22 [notice] 22#22: exiting
2022/11/26 10:35:22 [notice] 23#23: exiting
2022/11/26 10:35:22 [notice] 24#24: exiting
2022/11/26 10:35:22 [notice] 25#25: exiting
2022/11/26 10:35:22 [notice] 26#26: exiting
2022/11/26 10:35:22 [notice] 20#20: exit
2022/11/26 10:35:22 [notice] 27#27: exiting
2022/11/26 10:35:22 [notice] 21#21: exit
2022/11/26 10:35:22 [notice] 30#30: exiting
2022/11/26 10:35:22 [notice] 29#29: exiting
2022/11/26 10:35:22 [notice] 31#31: exiting
2022/11/26 10:35:22 [notice] 28#28: exit
2022/11/26 10:35:22 [notice] 22#22: exit
2022/11/26 10:35:22 [notice] 23#23: exit
2022/11/26 10:35:22 [notice] 24#24: exit
2022/11/26 10:35:22 [notice] 25#25: exit
2022/11/26 10:35:22 [notice] 26#26: exit
2022/11/26 10:35:22 [notice] 27#27: exit
2022/11/26 10:35:22 [notice] 30#30: exit
2022/11/26 10:35:22 [notice] 29#29: exit
2022/11/26 10:35:22 [notice] 31#31: exit
2022/11/26 10:35:22 [notice] 1#1: signal 17 (SIGCHLD) received from 23
2022/11/26 10:35:22 [notice] 1#1: worker process 20 exited with code 0
2022/11/26 10:35:22 [notice] 1#1: worker process 22 exited with code 0
2022/11/26 10:35:22 [notice] 1#1: worker process 23 exited with code 0
2022/11/26 10:35:22 [notice] 1#1: worker process 24 exited with code 0
2022/11/26 10:35:22 [notice] 1#1: worker process 25 exited with code 0
2022/11/26 10:35:22 [notice] 1#1: worker process 30 exited with code 0
2022/11/26 10:35:22 [notice] 1#1: signal 29 (SIGIO) received
2022/11/26 10:35:22 [notice] 1#1: signal 17 (SIGCHLD) received from 25
2022/11/26 10:35:22 [notice] 1#1: signal 17 (SIGCHLD) received from 28
2022/11/26 10:35:22 [notice] 1#1: worker process 28 exited with code 0
2022/11/26 10:35:22 [notice] 1#1: signal 29 (SIGIO) received
2022/11/26 10:35:22 [notice] 1#1: signal 17 (SIGCHLD) received from 27
2022/11/26 10:35:22 [notice] 1#1: worker process 21 exited with code 0
2022/11/26 10:35:22 [notice] 1#1: worker process 27 exited with code 0
2022/11/26 10:35:22 [notice] 1#1: worker process 31 exited with code 0
2022/11/26 10:35:22 [notice] 1#1: signal 29 (SIGIO) received
2022/11/26 10:35:22 [notice] 1#1: signal 17 (SIGCHLD) received from 21
2022/11/26 10:35:22 [notice] 1#1: signal 17 (SIGCHLD) received from 26
2022/11/26 10:35:22 [notice] 1#1: worker process 26 exited with code 0
2022/11/26 10:35:22 [notice] 1#1: worker process 29 exited with code 0
2022/11/26 10:35:22 [notice] 1#1: exit
2022/11/26 10:35:26 [notice] 1#1: using the "epoll" event method
2022/11/26 10:35:26 [notice] 1#1: nginx/1.23.2
2022/11/26 10:35:26 [notice] 1#1: built by gcc 10.2.1 20210110 (Debian 10.2.1-6) 
2022/11/26 10:35:26 [notice] 1#1: OS: Linux 5.10.16.3-microsoft-standard-WSL2
2022/11/26 10:35:26 [notice] 1#1: getrlimit(RLIMIT_NOFILE): 1048576:1048576
2022/11/26 10:35:26 [notice] 1#1: start worker processes
2022/11/26 10:35:26 [notice] 1#1: start worker process 20
2022/11/26 10:35:26 [notice] 1#1: start worker process 21
2022/11/26 10:35:26 [notice] 1#1: start worker process 22
2022/11/26 10:35:26 [notice] 1#1: start worker process 23
2022/11/26 10:35:26 [notice] 1#1: start worker process 24
2022/11/26 10:35:26 [notice] 1#1: start worker process 25
2022/11/26 10:35:26 [notice] 1#1: start worker process 26
2022/11/26 10:35:26 [notice] 1#1: start worker process 27
2022/11/26 10:35:26 [notice] 1#1: start worker process 28
2022/11/26 10:35:26 [notice] 1#1: start worker process 29
2022/11/26 10:35:26 [notice] 1#1: start worker process 30
2022/11/26 10:35:26 [notice] 1#1: start worker process 31
